0 info it worked if it ends with ok
1 verbose cli [ 'node',
1 verbose cli   'C:\\Users\\zahido\\AppData\\Roaming\\npm\\node_modules\\npm\\bin\\npm-cli.js',
1 verbose cli   'run',
1 verbose cli   'tsc' ]
2 info using npm@2.13.4
3 info using node@v0.12.1
4 verbose run-script [ 'pretsc', 'tsc', 'posttsc' ]
5 info pretsc new-horizon@1.0.0
6 info tsc new-horizon@1.0.0
7 verbose unsafe-perm in lifecycle true
8 info new-horizon@1.0.0 Failed to exec tsc script
9 verbose stack Error: new-horizon@1.0.0 tsc: `tsc -p src -w`
9 verbose stack Exit status 1
9 verbose stack     at EventEmitter.<anonymous> (C:\Users\zahido\AppData\Roaming\npm\node_modules\npm\lib\utils\lifecycle.js:214:16)
9 verbose stack     at EventEmitter.emit (events.js:110:17)
9 verbose stack     at ChildProcess.<anonymous> (C:\Users\zahido\AppData\Roaming\npm\node_modules\npm\lib\utils\spawn.js:24:14)
9 verbose stack     at ChildProcess.emit (events.js:110:17)
9 verbose stack     at maybeClose (child_process.js:1008:16)
9 verbose stack     at Process.ChildProcess._handle.onexit (child_process.js:1080:5)
10 verbose pkgid new-horizon@1.0.0
11 verbose cwd C:\Users\zahido\goal\Angular-2-playground\New-Horizon
12 error Windows_NT 6.1.7601
13 error argv "node" "C:\\Users\\zahido\\AppData\\Roaming\\npm\\node_modules\\npm\\bin\\npm-cli.js" "run" "tsc"
14 error node v0.12.1
15 error npm  v2.13.4
16 error code ELIFECYCLE
17 error new-horizon@1.0.0 tsc: `tsc -p src -w`
17 error Exit status 1
18 error Failed at the new-horizon@1.0.0 tsc script 'tsc -p src -w'.
18 error This is most likely a problem with the new-horizon package,
18 error not with npm itself.
18 error Tell the author that this fails on your system:
18 error     tsc -p src -w
18 error You can get their info via:
18 error     npm owner ls new-horizon
18 error There is likely additional logging output above.
19 verbose exit [ 1, true ]
